<?xml version="1.0" encoding="UTF-8"?>
<testsuite xmlns:xsi="http://www.w3.org/2001/XMLSchema-instance" xsi:noNamespaceSchemaLocation="https://maven.apache.org/surefire/maven-surefire-plugin/xsd/surefire-test-report.xsd" name="com.example.temperature.TemperatureConverterTest" time="0.044" tests="3" errors="0" skipped="0" failures="0">
  <properties>
[...]
</properties>
  <testcase name="testFahrenheitToCelsius" classname="com.example.temperature.TemperatureConverterTest" time="0.029"/>
  <testcase name="testCelsiusToFahrenheit" classname="com.example.temperature.TemperatureConverterTest" time="0"/>
  <testcase name="testRoundTripConversion" classname="com.example.temperature.TemperatureConverterTest" time="0.001"/>
</testsuite>